TN:
SF:/home/mthi/Documents/c/osm-my-biz/frontend/osmmybiz/src/store/landing.js
FNF:0
FNH:0
DA:3,1
DA:12,1
DA:14,1
DA:18,1
DA:21,0
DA:24,0
DA:27,0
DA:30,0
LF:8
LH:4
BRF:0
BRH:0
end_of_record
TN:
SF:/home/mthi/Documents/c/osm-my-biz/frontend/osmmybiz/src/App.vue
FNF:0
FNH:0
LF:0
LH:0
BRF:0
BRH:0
end_of_record
TN:
SF:/home/mthi/Documents/c/osm-my-biz/frontend/osmmybiz/src/api/nominatimApi.js
FN:7,(anonymous_0)
FN:9,(anonymous_1)
FNF:2
FNH:0
FNDA:0,(anonymous_0)
FNDA:0,(anonymous_1)
DA:3,1
DA:8,0
DA:10,0
LF:3
LH:1
BRF:0
BRH:0
end_of_record
TN:
SF:/home/mthi/Documents/c/osm-my-biz/frontend/osmmybiz/src/api/testApi.js
FN:7,(anonymous_0)
FN:8,(anonymous_1)
FN:9,(anonymous_2)
FNF:3
FNH:0
FNDA:0,(anonymous_0)
FNDA:0,(anonymous_1)
FNDA:0,(anonymous_2)
DA:1,1
DA:8,0
DA:9,0
DA:10,0
LF:4
LH:1
BRF:0
BRH:0
end_of_record
TN:
SF:/home/mthi/Documents/c/osm-my-biz/frontend/osmmybiz/src/components/TileMap.vue
FNF:0
FNH:0
LF:0
LH:0
BRF:0
BRH:0
end_of_record
TN:
SF:/home/mthi/Documents/c/osm-my-biz/frontend/osmmybiz/src/pages/landingPage.vue
FNF:0
FNH:0
DA:13,0
LF:1
LH:0
BRF:0
BRH:0
end_of_record
TN:
SF:/home/mthi/Documents/c/osm-my-biz/frontend/osmmybiz/src/pages/nominatimPage.vue
FNF:0
FNH:0
DA:40,0
DA:41,0
DA:52,0
LF:3
LH:0
BRF:0
BRH:0
end_of_record
TN:
SF:/home/mthi/Documents/c/osm-my-biz/frontend/osmmybiz/src/pages/testPage.vue
FNF:0
FNH:0
DA:26,0
DA:36,0
DA:37,0
DA:50,0
DA:51,0
DA:52,0
LF:6
LH:0
BRDA:50,0,0,0
BRDA:50,0,1,0
BRF:2
BRH:0
end_of_record
TN:
SF:/home/mthi/Documents/c/osm-my-biz/frontend/osmmybiz/src/router/index.js
FNF:0
FNH:0
DA:7,1
LF:1
LH:1
BRF:0
BRH:0
end_of_record
TN:
SF:/home/mthi/Documents/c/osm-my-biz/frontend/osmmybiz/src/store/index.js
FNF:0
FNH:0
DA:7,1
LF:1
LH:1
BRF:0
BRH:0
end_of_record
TN:
SF:/home/mthi/Documents/c/osm-my-biz/frontend/osmmybiz/src/store/test.js
FN:11,(anonymous_0)
FN:19,(anonymous_1)
FN:28,(anonymous_2)
FN:43,(anonymous_3)
FNF:4
FNH:0
FNDA:0,(anonymous_0)
FNDA:0,(anonymous_1)
FNDA:0,(anonymous_2)
FNDA:0,(anonymous_3)
DA:4,1
DA:9,1
DA:11,0
DA:12,0
DA:17,1
DA:19,0
DA:20,0
DA:24,0
DA:28,0
DA:31,0
DA:35,1
DA:37,0
DA:40,0
DA:43,0
DA:44,0
DA:47,0
DA:50,0
LF:17
LH:4
BRDA:19,0,0,0
BRDA:19,0,1,0
BRF:2
BRH:0
end_of_record
TN:
SF:/home/mthi/Documents/c/osm-my-biz/frontend/osmmybiz/src/store/nominatim.js
FN:10,(anonymous_0)
FNF:1
FNH:0
FNDA:0,(anonymous_0)
DA:3,1
DA:8,1
DA:10,0
DA:11,0
DA:16,1
DA:18,0
DA:21,0
DA:25,1
DA:27,0
DA:30,0
LF:10
LH:4
BRF:0
BRH:0
end_of_record
